<?xml version="1.0" encoding="UTF-8"?>
<!-- Generated by org.testng.reporters.JUnitReportReporter -->
<testsuite hostname="ENFS-L194" failures="0" tests="1" name="tests.XMLSchemaValidation" time="4.427" errors="0" timestamp="2021-07-20T21:08:41 IST" skipped="0">
  <testcase classname="tests.XMLSchemaValidation" name="schemaValidation" time="4.427"/>
  <system-out/>
</testsuite> <!-- tests.XMLSchemaValidation -->
