<?xml version="1.0" encoding="UTF-8"?>
<!-- Generated by org.testng.reporters.JUnitReportReporter -->
<testsuite hostname="ENFS-L194" failures="0" tests="1" name="tests.GetAndPostExamples" time="3.029" errors="0" timestamp="2021-07-20T16:01:56 IST" skipped="0">
  <testcase classname="tests.GetAndPostExamples" name="testPost" time="3.029"/>
  <system-out/>
</testsuite> <!-- tests.GetAndPostExamples -->
