<?xml version="1.0" encoding="UTF-8"?>
<!-- Generated by org.testng.reporters.JUnitReportReporter -->
<testsuite hostname="ENFS-L194" failures="0" tests="1" name="tests.SoapXMLRequest" time="4.511" errors="0" timestamp="2021-07-20T20:20:13 IST" skipped="0">
  <testcase classname="tests.SoapXMLRequest" name="validateSoapXML" time="4.511"/>
  <system-out/>
</testsuite> <!-- tests.SoapXMLRequest -->
