<?xml version="1.0" encoding="UTF-8"?>
<!-- Generated by org.testng.reporters.JUnitReportReporter -->
<testsuite hostname="ENFS-L194" failures="0" tests="3" name="tests.PutPatchDeleteExamples" time="5.212" errors="0" timestamp="2021-07-20T16:23:00 IST" skipped="0">
  <testcase classname="tests.PutPatchDeleteExamples" name="testPut" time="0.919"/>
  <system-out/>
  <testcase classname="tests.PutPatchDeleteExamples" name="testDelete" time="3.469"/>
  <system-out/>
  <testcase classname="tests.PutPatchDeleteExamples" name="testPatch" time="0.824"/>
  <system-out/>
</testsuite> <!-- tests.PutPatchDeleteExamples -->
