<?xml version="1.0" encoding="UTF-8"?>
<!-- Generated by org.testng.reporters.JUnitReportReporter -->
<testsuite hostname="ENFS-L194" failures="0" tests="2" name="tests.TestsExample" time="4.898" errors="0" timestamp="2021-07-20T13:26:35 IST" skipped="0">
  <testcase classname="tests.TestsExample" name="test_1" time="2.806"/>
  <system-out/>
  <testcase classname="tests.TestsExample" name="test_2" time="2.092"/>
  <system-out/>
</testsuite> <!-- tests.TestsExample -->
