<?xml version="1.0" encoding="UTF-8"?>
<!-- Generated by org.testng.reporters.JUnitReportReporter -->
<testsuite hostname="ENFS-L194" failures="0" tests="1" name="tests.TestonLocalAPI" time="2.100" errors="0" timestamp="2021-07-20T17:03:36 IST" skipped="0">
  <testcase classname="tests.TestonLocalAPI" name="delete" time="2.100"/>
  <system-out/>
</testsuite> <!-- tests.TestonLocalAPI -->
